2022-10-14 21:47:28,844 [Worker-0: Loading available Gradle versions] INFO  o.e.b.c.i.u.g.PublishedGradleVersions - Gradle version information cache is up-to-date. Trying to read.
2022-10-14 21:48:45,654 [Worker-1: Loading available Gradle versions] INFO  o.e.b.c.i.u.g.PublishedGradleVersions - Gradle version information cache is up-to-date. Trying to read.
2022-10-14 21:50:20,702 [Worker-1: Loading available Gradle versions] INFO  o.e.b.c.i.u.g.PublishedGradleVersions - Gradle version information cache is up-to-date. Trying to read.
2022-10-14 21:52:28,332 [Worker-16: Building] INFO  o.e.m.c.i.l.LifecycleMappingFactory - Using org.eclipse.m2e.jdt.JarLifecycleMapping lifecycle mapping for MavenProject: com.github.tteofili:lucenex:0.0.1-SNAPSHOT @ C:\Users\Wissel\OneDrive\Desktop\università\MAGISTRALE\Ing.Dati\Homeworks\Homework2\lucene-main\lucenex-main\pom.xml.
2022-10-14 21:52:29,172 [Worker-16: Building] INFO  o.e.m.c.i.embedder.EclipseLogger - Using 'UTF-8' encoding to copy filtered resources.
2022-10-14 21:52:29,173 [Worker-16: Building] INFO  o.e.m.c.i.embedder.EclipseLogger - skip non existing resourceDirectory C:\Users\Wissel\OneDrive\Desktop\università\MAGISTRALE\Ing.Dati\Homeworks\Homework2\lucene-main\lucenex-main\src\test\resources
2022-10-14 21:52:29,957 [Worker-14: Updating Maven Dependencies] INFO  o.e.m.c.i.l.LifecycleMappingFactory - Using org.eclipse.m2e.jdt.JarLifecycleMapping lifecycle mapping for MavenProject: com.github.tteofili:lucenex:0.0.1-SNAPSHOT @ C:\Users\Wissel\OneDrive\Desktop\università\MAGISTRALE\Ing.Dati\Homeworks\Homework2\lucene-main\lucenex-main\pom.xml.
2022-10-14 21:52:31,315 [Worker-1: Building] INFO  o.e.m.c.i.embedder.EclipseLogger - Using 'UTF-8' encoding to copy filtered resources.
2022-10-14 21:52:31,316 [Worker-1: Building] INFO  o.e.m.c.i.embedder.EclipseLogger - skip non existing resourceDirectory C:\Users\Wissel\OneDrive\Desktop\università\MAGISTRALE\Ing.Dati\Homeworks\Homework2\lucene-main\lucenex-main\src\main\resources
2022-10-14 21:52:31,320 [Worker-1: Building] INFO  o.e.m.c.i.embedder.EclipseLogger - Using 'UTF-8' encoding to copy filtered resources.
2022-10-14 21:52:31,321 [Worker-1: Building] INFO  o.e.m.c.i.embedder.EclipseLogger - skip non existing resourceDirectory C:\Users\Wissel\OneDrive\Desktop\università\MAGISTRALE\Ing.Dati\Homeworks\Homework2\lucene-main\lucenex-main\src\test\resources
2022-10-14 21:53:18,917 [Worker-16: Updating Maven Dependencies] ERROR o.e.m.j.i.l.MavenLaunchConfigurationListener - Launch configuration SamplesTest references non-existing project lucenex-main.
org.eclipse.core.runtime.CoreException: Launch configuration SamplesTest references non-existing project lucenex-main.
	at org.eclipse.jdt.launching.JavaRuntime.abort(JavaRuntime.java:1861) ~[na:na]
	at org.eclipse.jdt.launching.JavaRuntime.getJavaProject(JavaRuntime.java:1736) ~[na:na]
	at org.eclipse.m2e.jdt.internal.launch.MavenLaunchConfigurationListener.updateLaunchConfiguration(MavenLaunchConfigurationListener.java:64) ~[na:na]
	at org.eclipse.m2e.jdt.internal.launch.MavenLaunchConfigurationListener.launchConfigurationChanged(MavenLaunchConfigurationListener.java:50) ~[na:na]
	at org.eclipse.debug.internal.core.LaunchManager$ConfigurationNotifier.run(LaunchManager.java:225) ~[na:na]
	at org.eclipse.core.runtime.SafeRunner.run(SafeRunner.java:45) ~[org.eclipse.equinox.common_3.16.200.v20220817-1601.jar:na]
	at org.eclipse.debug.internal.core.LaunchManager$ConfigurationNotifier.notify(LaunchManager.java:209) ~[na:na]
	at org.eclipse.debug.internal.core.LaunchConfigurationWorkingCopy.setDirty(LaunchConfigurationWorkingCopy.java:524) ~[na:na]
	at org.eclipse.debug.internal.core.LaunchConfigurationWorkingCopy.setAttribute(LaunchConfigurationWorkingCopy.java:412) ~[na:na]
	at org.eclipse.m2e.jdt.internal.launch.MavenRuntimeClasspathProvider.disable(MavenRuntimeClasspathProvider.java:410) ~[na:na]
	at org.eclipse.m2e.jdt.internal.launch.MavenRuntimeClasspathProvider.disable(MavenRuntimeClasspathProvider.java:436) ~[na:na]
	at org.eclipse.m2e.jdt.internal.launch.MavenLaunchConfigurationListener.mavenProjectChanged(MavenLaunchConfigurationListener.java:135) ~[na:na]
	at org.eclipse.m2e.core.internal.project.registry.ProjectRegistryManager.notifyProjectChangeListeners(ProjectRegistryManager.java:827) ~[na:na]
	at org.eclipse.m2e.core.internal.project.registry.ProjectRegistryManager.applyMutableProjectRegistry(ProjectRegistryManager.java:982) ~[na:na]
	at org.eclipse.m2e.core.internal.project.registry.ProjectRegistryRefreshJob.lambda$0(ProjectRegistryRefreshJob.java:170) ~[na:na]
	at org.eclipse.m2e.core.internal.embedder.MavenExecutionContext.executeBare(MavenExecutionContext.java:350) ~[na:na]
	at org.eclipse.m2e.core.internal.embedder.MavenExecutionContext.execute(MavenExecutionContext.java:262) ~[na:na]
	at org.eclipse.m2e.core.internal.embedder.MavenExecutionContext.execute(MavenExecutionContext.java:205) ~[na:na]
	at org.eclipse.m2e.core.internal.project.registry.ProjectRegistryRefreshJob.run(ProjectRegistryRefreshJob.java:104) ~[na:na]
	at org.eclipse.core.internal.jobs.Worker.run(Worker.java:63) ~[org.eclipse.core.jobs_3.13.100.v20220817-1539.jar:na]
2022-10-14 21:53:18,920 [Worker-16: Updating Maven Dependencies] ERROR o.e.m.j.i.l.MavenLaunchConfigurationListener - Launch configuration SamplesTest references non-existing project lucenex-main.
org.eclipse.core.runtime.CoreException: Launch configuration SamplesTest references non-existing project lucenex-main.
	at org.eclipse.jdt.launching.JavaRuntime.abort(JavaRuntime.java:1861) ~[na:na]
	at org.eclipse.jdt.launching.JavaRuntime.getJavaProject(JavaRuntime.java:1736) ~[na:na]
	at org.eclipse.m2e.jdt.internal.launch.MavenLaunchConfigurationListener.updateLaunchConfiguration(MavenLaunchConfigurationListener.java:64) ~[na:na]
	at org.eclipse.m2e.jdt.internal.launch.MavenLaunchConfigurationListener.launchConfigurationChanged(MavenLaunchConfigurationListener.java:50) ~[na:na]
	at org.eclipse.debug.internal.core.LaunchManager$ConfigurationNotifier.run(LaunchManager.java:225) ~[na:na]
	at org.eclipse.core.runtime.SafeRunner.run(SafeRunner.java:45) ~[org.eclipse.equinox.common_3.16.200.v20220817-1601.jar:na]
	at org.eclipse.debug.internal.core.LaunchManager$ConfigurationNotifier.notify(LaunchManager.java:209) ~[na:na]
	at org.eclipse.debug.internal.core.LaunchConfigurationWorkingCopy.setDirty(LaunchConfigurationWorkingCopy.java:524) ~[na:na]
	at org.eclipse.debug.internal.core.LaunchConfigurationWorkingCopy.setAttribute(LaunchConfigurationWorkingCopy.java:412) ~[na:na]
	at org.eclipse.m2e.jdt.internal.launch.MavenRuntimeClasspathProvider.disable(MavenRuntimeClasspathProvider.java:411) ~[na:na]
	at org.eclipse.m2e.jdt.internal.launch.MavenRuntimeClasspathProvider.disable(MavenRuntimeClasspathProvider.java:436) ~[na:na]
	at org.eclipse.m2e.jdt.internal.launch.MavenLaunchConfigurationListener.mavenProjectChanged(MavenLaunchConfigurationListener.java:135) ~[na:na]
	at org.eclipse.m2e.core.internal.project.registry.ProjectRegistryManager.notifyProjectChangeListeners(ProjectRegistryManager.java:827) ~[na:na]
	at org.eclipse.m2e.core.internal.project.registry.ProjectRegistryManager.applyMutableProjectRegistry(ProjectRegistryManager.java:982) ~[na:na]
	at org.eclipse.m2e.core.internal.project.registry.ProjectRegistryRefreshJob.lambda$0(ProjectRegistryRefreshJob.java:170) ~[na:na]
	at org.eclipse.m2e.core.internal.embedder.MavenExecutionContext.executeBare(MavenExecutionContext.java:350) ~[na:na]
	at org.eclipse.m2e.core.internal.embedder.MavenExecutionContext.execute(MavenExecutionContext.java:262) ~[na:na]
	at org.eclipse.m2e.core.internal.embedder.MavenExecutionContext.execute(MavenExecutionContext.java:205) ~[na:na]
	at org.eclipse.m2e.core.internal.project.registry.ProjectRegistryRefreshJob.run(ProjectRegistryRefreshJob.java:104) ~[na:na]
	at org.eclipse.core.internal.jobs.Worker.run(Worker.java:63) ~[org.eclipse.core.jobs_3.13.100.v20220817-1539.jar:na]
2022-10-14 21:53:18,931 [Worker-16: Updating Maven Dependencies] ERROR o.e.m.j.i.l.MavenLaunchConfigurationListener - Launch configuration SamplesTest references non-existing project lucenex-main.
org.eclipse.core.runtime.CoreException: Launch configuration SamplesTest references non-existing project lucenex-main.
	at org.eclipse.jdt.launching.JavaRuntime.abort(JavaRuntime.java:1861) ~[na:na]
	at org.eclipse.jdt.launching.JavaRuntime.getJavaProject(JavaRuntime.java:1736) ~[na:na]
	at org.eclipse.m2e.jdt.internal.launch.MavenLaunchConfigurationListener.updateLaunchConfiguration(MavenLaunchConfigurationListener.java:64) ~[na:na]
	at org.eclipse.m2e.jdt.internal.launch.MavenLaunchConfigurationListener.launchConfigurationChanged(MavenLaunchConfigurationListener.java:50) ~[na:na]
	at org.eclipse.debug.internal.core.LaunchManager$ConfigurationNotifier.run(LaunchManager.java:225) ~[na:na]
	at org.eclipse.core.runtime.SafeRunner.run(SafeRunner.java:45) ~[org.eclipse.equinox.common_3.16.200.v20220817-1601.jar:na]
	at org.eclipse.debug.internal.core.LaunchManager$ConfigurationNotifier.notify(LaunchManager.java:209) ~[na:na]
	at org.eclipse.debug.internal.core.LaunchManager.launchConfigurationChanged(LaunchManager.java:2147) ~[na:na]
	at org.eclipse.debug.internal.core.LaunchConfigurationWorkingCopy.writeNewFile(LaunchConfigurationWorkingCopy.java:377) ~[na:na]
	at org.eclipse.debug.internal.core.LaunchConfigurationWorkingCopy.doSave0(LaunchConfigurationWorkingCopy.java:259) ~[na:na]
	at org.eclipse.core.internal.resources.Workspace.run(Workspace.java:2380) ~[na:na]
	at org.eclipse.core.internal.resources.Workspace.run(Workspace.java:2405) ~[na:na]
	at org.eclipse.debug.internal.core.LaunchConfigurationWorkingCopy.doSave(LaunchConfigurationWorkingCopy.java:226) ~[na:na]
	at org.eclipse.debug.internal.core.LaunchConfigurationWorkingCopy.doSave(LaunchConfigurationWorkingCopy.java:187) ~[na:na]
	at org.eclipse.m2e.jdt.internal.launch.MavenRuntimeClasspathProvider.disable(MavenRuntimeClasspathProvider.java:412) ~[na:na]
	at org.eclipse.m2e.jdt.internal.launch.MavenRuntimeClasspathProvider.disable(MavenRuntimeClasspathProvider.java:436) ~[na:na]
	at org.eclipse.m2e.jdt.internal.launch.MavenLaunchConfigurationListener.mavenProjectChanged(MavenLaunchConfigurationListener.java:135) ~[na:na]
	at org.eclipse.m2e.core.internal.project.registry.ProjectRegistryManager.notifyProjectChangeListeners(ProjectRegistryManager.java:827) ~[na:na]
	at org.eclipse.m2e.core.internal.project.registry.ProjectRegistryManager.applyMutableProjectRegistry(ProjectRegistryManager.java:982) ~[na:na]
	at org.eclipse.m2e.core.internal.project.registry.ProjectRegistryRefreshJob.lambda$0(ProjectRegistryRefreshJob.java:170) ~[na:na]
	at org.eclipse.m2e.core.internal.embedder.MavenExecutionContext.executeBare(MavenExecutionContext.java:350) ~[na:na]
	at org.eclipse.m2e.core.internal.embedder.MavenExecutionContext.execute(MavenExecutionContext.java:262) ~[na:na]
	at org.eclipse.m2e.core.internal.embedder.MavenExecutionContext.execute(MavenExecutionContext.java:205) ~[na:na]
	at org.eclipse.m2e.core.internal.project.registry.ProjectRegistryRefreshJob.run(ProjectRegistryRefreshJob.java:104) ~[na:na]
	at org.eclipse.core.internal.jobs.Worker.run(Worker.java:63) ~[org.eclipse.core.jobs_3.13.100.v20220817-1539.jar:na]
2022-10-14 21:53:18,938 [Worker-16: Updating Maven Dependencies] ERROR o.e.m.j.i.l.MavenLaunchConfigurationListener - Launch configuration SamplesTest references non-existing project lucenex-main.
org.eclipse.core.runtime.CoreException: Launch configuration SamplesTest references non-existing project lucenex-main.
	at org.eclipse.jdt.launching.JavaRuntime.abort(JavaRuntime.java:1861) ~[na:na]
	at org.eclipse.jdt.launching.JavaRuntime.getJavaProject(JavaRuntime.java:1736) ~[na:na]
	at org.eclipse.m2e.jdt.internal.launch.MavenLaunchConfigurationListener.updateLaunchConfiguration(MavenLaunchConfigurationListener.java:64) ~[na:na]
	at org.eclipse.m2e.jdt.internal.launch.MavenLaunchConfigurationListener.launchConfigurationChanged(MavenLaunchConfigurationListener.java:50) ~[na:na]
	at org.eclipse.debug.internal.core.LaunchManager$ConfigurationNotifier.run(LaunchManager.java:225) ~[na:na]
	at org.eclipse.core.runtime.SafeRunner.run(SafeRunner.java:45) ~[org.eclipse.equinox.common_3.16.200.v20220817-1601.jar:na]
	at org.eclipse.debug.internal.core.LaunchManager$ConfigurationNotifier.notify(LaunchManager.java:209) ~[na:na]
	at org.eclipse.debug.internal.core.LaunchManager.launchConfigurationChanged(LaunchManager.java:2147) ~[na:na]
	at org.eclipse.debug.internal.core.LaunchManager$LaunchManagerVisitor.visit(LaunchManager.java:376) ~[na:na]
	at org.eclipse.core.internal.events.ResourceDelta.accept(ResourceDelta.java:67) ~[na:na]
	at org.eclipse.core.internal.events.ResourceDelta.accept(ResourceDelta.java:77) ~[na:na]
	at org.eclipse.core.internal.events.ResourceDelta.accept(ResourceDelta.java:77) ~[na:na]
	at org.eclipse.core.internal.events.ResourceDelta.accept(ResourceDelta.java:77) ~[na:na]
	at org.eclipse.core.internal.events.ResourceDelta.accept(ResourceDelta.java:77) ~[na:na]
	at org.eclipse.core.internal.events.ResourceDelta.accept(ResourceDelta.java:77) ~[na:na]
	at org.eclipse.core.internal.events.ResourceDelta.accept(ResourceDelta.java:77) ~[na:na]
	at org.eclipse.core.internal.events.ResourceDelta.accept(ResourceDelta.java:51) ~[na:na]
	at org.eclipse.debug.internal.core.LaunchManager.resourceChanged(LaunchManager.java:2272) ~[na:na]
	at org.eclipse.core.internal.events.NotificationManager$1.run(NotificationManager.java:307) ~[na:na]
	at org.eclipse.core.runtime.SafeRunner.run(SafeRunner.java:45) ~[org.eclipse.equinox.common_3.16.200.v20220817-1601.jar:na]
	at org.eclipse.core.internal.events.NotificationManager.notify(NotificationManager.java:297) ~[na:na]
	at org.eclipse.core.internal.events.NotificationManager.broadcastChanges(NotificationManager.java:160) ~[na:na]
	at org.eclipse.core.internal.resources.Workspace.broadcastPostChange(Workspace.java:388) ~[na:na]
	at org.eclipse.core.internal.resources.Workspace.endOperation(Workspace.java:1514) ~[na:na]
	at org.eclipse.core.internal.resources.Workspace.run(Workspace.java:2394) ~[na:na]
	at org.eclipse.core.internal.resources.Workspace.run(Workspace.java:2405) ~[na:na]
	at org.eclipse.debug.internal.core.LaunchConfigurationWorkingCopy.doSave(LaunchConfigurationWorkingCopy.java:226) ~[na:na]
	at org.eclipse.debug.internal.core.LaunchConfigurationWorkingCopy.doSave(LaunchConfigurationWorkingCopy.java:187) ~[na:na]
	at org.eclipse.m2e.jdt.internal.launch.MavenRuntimeClasspathProvider.disable(MavenRuntimeClasspathProvider.java:412) ~[na:na]
	at org.eclipse.m2e.jdt.internal.launch.MavenRuntimeClasspathProvider.disable(MavenRuntimeClasspathProvider.java:436) ~[na:na]
	at org.eclipse.m2e.jdt.internal.launch.MavenLaunchConfigurationListener.mavenProjectChanged(MavenLaunchConfigurationListener.java:135) ~[na:na]
	at org.eclipse.m2e.core.internal.project.registry.ProjectRegistryManager.notifyProjectChangeListeners(ProjectRegistryManager.java:827) ~[na:na]
	at org.eclipse.m2e.core.internal.project.registry.ProjectRegistryManager.applyMutableProjectRegistry(ProjectRegistryManager.java:982) ~[na:na]
	at org.eclipse.m2e.core.internal.project.registry.ProjectRegistryRefreshJob.lambda$0(ProjectRegistryRefreshJob.java:170) ~[na:na]
	at org.eclipse.m2e.core.internal.embedder.MavenExecutionContext.executeBare(MavenExecutionContext.java:350) ~[na:na]
	at org.eclipse.m2e.core.internal.embedder.MavenExecutionContext.execute(MavenExecutionContext.java:262) ~[na:na]
	at org.eclipse.m2e.core.internal.embedder.MavenExecutionContext.execute(MavenExecutionContext.java:205) ~[na:na]
	at org.eclipse.m2e.core.internal.project.registry.ProjectRegistryRefreshJob.run(ProjectRegistryRefreshJob.java:104) ~[na:na]
	at org.eclipse.core.internal.jobs.Worker.run(Worker.java:63) ~[org.eclipse.core.jobs_3.13.100.v20220817-1539.jar:na]
2022-10-14 21:54:45,146 [Worker-16: Building] INFO  o.e.m.c.i.l.LifecycleMappingFactory - Using org.eclipse.m2e.jdt.JarLifecycleMapping lifecycle mapping for MavenProject: com.github.tteofili:lucenex:0.0.1-SNAPSHOT @ C:\Users\Wissel\OneDrive\Desktop\università\MAGISTRALE\Ing.Dati\Homeworks\Homework2\lucene-main\lucenex-main\pom.xml.
2022-10-14 21:54:45,611 [Worker-16: Building] INFO  o.e.m.c.i.embedder.EclipseLogger - Using 'UTF-8' encoding to copy filtered resources.
2022-10-14 21:54:45,612 [Worker-16: Building] INFO  o.e.m.c.i.embedder.EclipseLogger - skip non existing resourceDirectory C:\Users\Wissel\OneDrive\Desktop\università\MAGISTRALE\Ing.Dati\Homeworks\Homework2\lucene-main\lucenex-main\src\main\resources
2022-10-14 21:54:45,618 [Worker-16: Building] INFO  o.e.m.c.i.embedder.EclipseLogger - Using 'UTF-8' encoding to copy filtered resources.
2022-10-14 21:54:45,619 [Worker-16: Building] INFO  o.e.m.c.i.embedder.EclipseLogger - skip non existing resourceDirectory C:\Users\Wissel\OneDrive\Desktop\università\MAGISTRALE\Ing.Dati\Homeworks\Homework2\lucene-main\lucenex-main\src\test\resources
2022-10-14 21:54:46,814 [Worker-6: Updating Maven Dependencies] INFO  o.e.m.c.i.l.LifecycleMappingFactory - Using org.eclipse.m2e.jdt.JarLifecycleMapping lifecycle mapping for MavenProject: com.github.tteofili:lucenex:0.0.1-SNAPSHOT @ C:\Users\Wissel\OneDrive\Desktop\università\MAGISTRALE\Ing.Dati\Homeworks\Homework2\lucene-main\lucenex-main\pom.xml.
2022-10-14 21:54:47,815 [Worker-12: Building] INFO  o.e.m.c.i.embedder.EclipseLogger - Using 'UTF-8' encoding to copy filtered resources.
2022-10-14 21:54:47,816 [Worker-12: Building] INFO  o.e.m.c.i.embedder.EclipseLogger - skip non existing resourceDirectory C:\Users\Wissel\OneDrive\Desktop\università\MAGISTRALE\Ing.Dati\Homeworks\Homework2\lucene-main\lucenex-main\src\main\resources
2022-10-14 21:54:47,826 [Worker-12: Building] INFO  o.e.m.c.i.embedder.EclipseLogger - Using 'UTF-8' encoding to copy filtered resources.
2022-10-14 21:54:47,827 [Worker-12: Building] INFO  o.e.m.c.i.embedder.EclipseLogger - skip non existing resourceDirectory C:\Users\Wissel\OneDrive\Desktop\università\MAGISTRALE\Ing.Dati\Homeworks\Homework2\lucene-main\lucenex-main\src\test\resources
2022-10-14 21:55:10,203 [Worker-6: Building] INFO  o.e.m.c.i.embedder.EclipseLogger - Using 'UTF-8' encoding to copy filtered resources.
2022-10-14 21:55:10,203 [Worker-6: Building] INFO  o.e.m.c.i.embedder.EclipseLogger - skip non existing resourceDirectory C:\Users\Wissel\OneDrive\Desktop\università\MAGISTRALE\Ing.Dati\Homeworks\Homework2\lucene-main\lucenex-main\src\main\resources
2022-10-14 21:55:10,207 [Worker-6: Building] INFO  o.e.m.c.i.embedder.EclipseLogger - Using 'UTF-8' encoding to copy filtered resources.
2022-10-14 21:55:10,207 [Worker-6: Building] INFO  o.e.m.c.i.embedder.EclipseLogger - skip non existing resourceDirectory C:\Users\Wissel\OneDrive\Desktop\università\MAGISTRALE\Ing.Dati\Homeworks\Homework2\lucene-main\lucenex-main\src\test\resources
2022-10-14 21:56:57,596 [Worker-15: Building] INFO  o.e.m.c.i.embedder.EclipseLogger - Using 'UTF-8' encoding to copy filtered resources.
2022-10-14 21:56:57,597 [Worker-15: Building] INFO  o.e.m.c.i.embedder.EclipseLogger - skip non existing resourceDirectory C:\Users\Wissel\OneDrive\Desktop\università\MAGISTRALE\Ing.Dati\Homeworks\Homework2\lucene-main\lucenex-main\src\main\resources
2022-10-14 21:56:57,610 [Worker-15: Building] INFO  o.e.m.c.i.embedder.EclipseLogger - Using 'UTF-8' encoding to copy filtered resources.
2022-10-14 21:56:57,611 [Worker-15: Building] INFO  o.e.m.c.i.embedder.EclipseLogger - skip non existing resourceDirectory C:\Users\Wissel\OneDrive\Desktop\università\MAGISTRALE\Ing.Dati\Homeworks\Homework2\lucene-main\lucenex-main\src\test\resources
2022-10-14 22:00:48,672 [Worker-6: Building] INFO  o.e.m.c.i.l.LifecycleMappingFactory - Using org.eclipse.m2e.jdt.JarLifecycleMapping lifecycle mapping for MavenProject: com.github.tteofili:lucenex:0.0.1-SNAPSHOT @ C:\Users\Wissel\OneDrive\Desktop\università\MAGISTRALE\Ing.Dati\Progetti-Repo\Ingengeria-Dei-dati--Progetti\lucenex-main\pom.xml.
2022-10-14 22:00:49,267 [Worker-6: Building] INFO  o.e.m.c.i.embedder.EclipseLogger - Using 'UTF-8' encoding to copy filtered resources.
2022-10-14 22:00:49,267 [Worker-6: Building] INFO  o.e.m.c.i.embedder.EclipseLogger - skip non existing resourceDirectory C:\Users\Wissel\OneDrive\Desktop\università\MAGISTRALE\Ing.Dati\Progetti-Repo\Ingengeria-Dei-dati--Progetti\lucenex-main\src\main\resources
2022-10-14 22:00:49,272 [Worker-6: Building] INFO  o.e.m.c.i.embedder.EclipseLogger - Using 'UTF-8' encoding to copy filtered resources.
2022-10-14 22:00:49,273 [Worker-6: Building] INFO  o.e.m.c.i.embedder.EclipseLogger - skip non existing resourceDirectory C:\Users\Wissel\OneDrive\Desktop\università\MAGISTRALE\Ing.Dati\Progetti-Repo\Ingengeria-Dei-dati--Progetti\lucenex-main\src\test\resources
2022-10-14 22:00:50,631 [Worker-15: Updating Maven Dependencies] INFO  o.e.m.c.i.l.LifecycleMappingFactory - Using org.eclipse.m2e.jdt.JarLifecycleMapping lifecycle mapping for MavenProject: com.github.tteofili:lucenex:0.0.1-SNAPSHOT @ C:\Users\Wissel\OneDrive\Desktop\università\MAGISTRALE\Ing.Dati\Progetti-Repo\Ingengeria-Dei-dati--Progetti\lucenex-main\pom.xml.
2022-10-14 22:00:51,422 [Worker-26: Building] INFO  o.e.m.c.i.embedder.EclipseLogger - Using 'UTF-8' encoding to copy filtered resources.
2022-10-14 22:00:51,422 [Worker-26: Building] INFO  o.e.m.c.i.embedder.EclipseLogger - skip non existing resourceDirectory C:\Users\Wissel\OneDrive\Desktop\università\MAGISTRALE\Ing.Dati\Progetti-Repo\Ingengeria-Dei-dati--Progetti\lucenex-main\src\main\resources
2022-10-14 22:00:51,428 [Worker-26: Building] INFO  o.e.m.c.i.embedder.EclipseLogger - Using 'UTF-8' encoding to copy filtered resources.
2022-10-14 22:00:51,429 [Worker-26: Building] INFO  o.e.m.c.i.embedder.EclipseLogger - skip non existing resourceDirectory C:\Users\Wissel\OneDrive\Desktop\università\MAGISTRALE\Ing.Dati\Progetti-Repo\Ingengeria-Dei-dati--Progetti\lucenex-main\src\test\resources
2022-10-15 12:28:31,388 [Worker-1: Loading available Gradle versions] INFO  o.e.b.c.i.u.g.PublishedGradleVersions - Gradle version information cache is out-of-date. Trying to update.
2022-10-15 12:35:52,462 [Worker-20: Building] INFO  o.e.m.c.i.embedder.EclipseLogger - Using 'UTF-8' encoding to copy filtered resources.
2022-10-15 12:35:52,464 [Worker-20: Building] INFO  o.e.m.c.i.embedder.EclipseLogger - skip non existing resourceDirectory C:\Users\Wissel\OneDrive\Desktop\università\MAGISTRALE\Ing.Dati\Progetti-Repo\Ingengeria-Dei-dati--Progetti\lucenex-main\src\main\resources
2022-10-15 12:35:52,468 [Worker-20: Building] INFO  o.e.m.c.i.embedder.EclipseLogger - Using 'UTF-8' encoding to copy filtered resources.
2022-10-15 12:35:52,468 [Worker-20: Building] INFO  o.e.m.c.i.embedder.EclipseLogger - skip non existing resourceDirectory C:\Users\Wissel\OneDrive\Desktop\università\MAGISTRALE\Ing.Dati\Progetti-Repo\Ingengeria-Dei-dati--Progetti\lucenex-main\src\test\resources
2022-10-15 12:35:53,975 [Worker-16: Building] INFO  o.e.m.c.i.embedder.EclipseLogger - Using 'UTF-8' encoding to copy filtered resources.
2022-10-15 12:35:53,976 [Worker-16: Building] INFO  o.e.m.c.i.embedder.EclipseLogger - skip non existing resourceDirectory C:\Users\Wissel\OneDrive\Desktop\università\MAGISTRALE\Ing.Dati\Progetti-Repo\Ingengeria-Dei-dati--Progetti\lucenex-main\src\main\resources
2022-10-15 12:35:53,980 [Worker-16: Building] INFO  o.e.m.c.i.embedder.EclipseLogger - Using 'UTF-8' encoding to copy filtered resources.
2022-10-15 12:35:53,980 [Worker-16: Building] INFO  o.e.m.c.i.embedder.EclipseLogger - skip non existing resourceDirectory C:\Users\Wissel\OneDrive\Desktop\università\MAGISTRALE\Ing.Dati\Progetti-Repo\Ingengeria-Dei-dati--Progetti\lucenex-main\src\test\resources
2022-10-15 12:37:22,407 [Worker-17: Building] INFO  o.e.m.c.i.embedder.EclipseLogger - Using 'UTF-8' encoding to copy filtered resources.
2022-10-15 12:37:22,407 [Worker-17: Building] INFO  o.e.m.c.i.embedder.EclipseLogger - skip non existing resourceDirectory C:\Users\Wissel\OneDrive\Desktop\università\MAGISTRALE\Ing.Dati\Progetti-Repo\Ingengeria-Dei-dati--Progetti\lucenex-main\src\main\resources
2022-10-15 12:37:22,409 [Worker-17: Building] INFO  o.e.m.c.i.embedder.EclipseLogger - Using 'UTF-8' encoding to copy filtered resources.
2022-10-15 12:37:22,409 [Worker-17: Building] INFO  o.e.m.c.i.embedder.EclipseLogger - skip non existing resourceDirectory C:\Users\Wissel\OneDrive\Desktop\università\MAGISTRALE\Ing.Dati\Progetti-Repo\Ingengeria-Dei-dati--Progetti\lucenex-main\src\test\resources
2022-10-15 12:37:30,448 [Worker-22: Building] INFO  o.e.m.c.i.embedder.EclipseLogger - Using 'UTF-8' encoding to copy filtered resources.
2022-10-15 12:37:30,448 [Worker-22: Building] INFO  o.e.m.c.i.embedder.EclipseLogger - skip non existing resourceDirectory C:\Users\Wissel\OneDrive\Desktop\università\MAGISTRALE\Ing.Dati\Progetti-Repo\Ingengeria-Dei-dati--Progetti\lucenex-main\src\main\resources
2022-10-15 12:37:30,450 [Worker-22: Building] INFO  o.e.m.c.i.embedder.EclipseLogger - Using 'UTF-8' encoding to copy filtered resources.
2022-10-15 12:37:30,451 [Worker-22: Building] INFO  o.e.m.c.i.embedder.EclipseLogger - skip non existing resourceDirectory C:\Users\Wissel\OneDrive\Desktop\università\MAGISTRALE\Ing.Dati\Progetti-Repo\Ingengeria-Dei-dati--Progetti\lucenex-main\src\test\resources
2022-10-15 12:38:10,648 [Worker-17: Building] INFO  o.e.m.c.i.embedder.EclipseLogger - Using 'UTF-8' encoding to copy filtered resources.
2022-10-15 12:38:10,648 [Worker-17: Building] INFO  o.e.m.c.i.embedder.EclipseLogger - skip non existing resourceDirectory C:\Users\Wissel\OneDrive\Desktop\università\MAGISTRALE\Ing.Dati\Progetti-Repo\Ingengeria-Dei-dati--Progetti\lucenex-main\src\main\resources
2022-10-15 12:38:10,650 [Worker-17: Building] INFO  o.e.m.c.i.embedder.EclipseLogger - Using 'UTF-8' encoding to copy filtered resources.
2022-10-15 12:38:10,651 [Worker-17: Building] INFO  o.e.m.c.i.embedder.EclipseLogger - skip non existing resourceDirectory C:\Users\Wissel\OneDrive\Desktop\università\MAGISTRALE\Ing.Dati\Progetti-Repo\Ingengeria-Dei-dati--Progetti\lucenex-main\src\test\resources
2022-10-15 12:38:39,044 [Worker-21: Building] INFO  o.e.m.c.i.embedder.EclipseLogger - Using 'UTF-8' encoding to copy filtered resources.
2022-10-15 12:38:39,044 [Worker-21: Building] INFO  o.e.m.c.i.embedder.EclipseLogger - skip non existing resourceDirectory C:\Users\Wissel\OneDrive\Desktop\università\MAGISTRALE\Ing.Dati\Progetti-Repo\Ingengeria-Dei-dati--Progetti\lucenex-main\src\main\resources
2022-10-15 12:38:39,048 [Worker-21: Building] INFO  o.e.m.c.i.embedder.EclipseLogger - Using 'UTF-8' encoding to copy filtered resources.
2022-10-15 12:38:39,048 [Worker-21: Building] INFO  o.e.m.c.i.embedder.EclipseLogger - skip non existing resourceDirectory C:\Users\Wissel\OneDrive\Desktop\università\MAGISTRALE\Ing.Dati\Progetti-Repo\Ingengeria-Dei-dati--Progetti\lucenex-main\src\test\resources
2022-10-15 12:39:05,737 [Worker-22: Building] INFO  o.e.m.c.i.embedder.EclipseLogger - Using 'UTF-8' encoding to copy filtered resources.
2022-10-15 12:39:05,737 [Worker-22: Building] INFO  o.e.m.c.i.embedder.EclipseLogger - skip non existing resourceDirectory C:\Users\Wissel\OneDrive\Desktop\università\MAGISTRALE\Ing.Dati\Progetti-Repo\Ingengeria-Dei-dati--Progetti\lucenex-main\src\main\resources
2022-10-15 12:39:05,740 [Worker-22: Building] INFO  o.e.m.c.i.embedder.EclipseLogger - Using 'UTF-8' encoding to copy filtered resources.
2022-10-15 12:39:05,740 [Worker-22: Building] INFO  o.e.m.c.i.embedder.EclipseLogger - skip non existing resourceDirectory C:\Users\Wissel\OneDrive\Desktop\università\MAGISTRALE\Ing.Dati\Progetti-Repo\Ingengeria-Dei-dati--Progetti\lucenex-main\src\test\resources
2022-10-15 12:40:02,654 [Worker-16: Building] INFO  o.e.m.c.i.embedder.EclipseLogger - Using 'UTF-8' encoding to copy filtered resources.
2022-10-15 12:40:02,655 [Worker-16: Building] INFO  o.e.m.c.i.embedder.EclipseLogger - skip non existing resourceDirectory C:\Users\Wissel\OneDrive\Desktop\università\MAGISTRALE\Ing.Dati\Progetti-Repo\Ingengeria-Dei-dati--Progetti\lucenex-main\src\main\resources
2022-10-15 12:40:02,658 [Worker-16: Building] INFO  o.e.m.c.i.embedder.EclipseLogger - Using 'UTF-8' encoding to copy filtered resources.
2022-10-15 12:40:02,659 [Worker-16: Building] INFO  o.e.m.c.i.embedder.EclipseLogger - skip non existing resourceDirectory C:\Users\Wissel\OneDrive\Desktop\università\MAGISTRALE\Ing.Dati\Progetti-Repo\Ingengeria-Dei-dati--Progetti\lucenex-main\src\test\resources
2022-10-15 12:40:04,934 [Worker-21: Building] INFO  o.e.m.c.i.embedder.EclipseLogger - Using 'UTF-8' encoding to copy filtered resources.
2022-10-15 12:40:04,934 [Worker-21: Building] INFO  o.e.m.c.i.embedder.EclipseLogger - skip non existing resourceDirectory C:\Users\Wissel\OneDrive\Desktop\università\MAGISTRALE\Ing.Dati\Progetti-Repo\Ingengeria-Dei-dati--Progetti\lucenex-main\src\main\resources
2022-10-15 12:40:04,936 [Worker-21: Building] INFO  o.e.m.c.i.embedder.EclipseLogger - Using 'UTF-8' encoding to copy filtered resources.
2022-10-15 12:40:04,936 [Worker-21: Building] INFO  o.e.m.c.i.embedder.EclipseLogger - skip non existing resourceDirectory C:\Users\Wissel\OneDrive\Desktop\università\MAGISTRALE\Ing.Dati\Progetti-Repo\Ingengeria-Dei-dati--Progetti\lucenex-main\src\test\resources
2022-10-15 12:40:23,260 [Worker-20: Building] INFO  o.e.m.c.i.embedder.EclipseLogger - Using 'UTF-8' encoding to copy filtered resources.
2022-10-15 12:40:23,261 [Worker-20: Building] INFO  o.e.m.c.i.embedder.EclipseLogger - skip non existing resourceDirectory C:\Users\Wissel\OneDrive\Desktop\università\MAGISTRALE\Ing.Dati\Progetti-Repo\Ingengeria-Dei-dati--Progetti\lucenex-main\src\main\resources
2022-10-15 12:40:23,264 [Worker-20: Building] INFO  o.e.m.c.i.embedder.EclipseLogger - Using 'UTF-8' encoding to copy filtered resources.
2022-10-15 12:40:23,265 [Worker-20: Building] INFO  o.e.m.c.i.embedder.EclipseLogger - skip non existing resourceDirectory C:\Users\Wissel\OneDrive\Desktop\università\MAGISTRALE\Ing.Dati\Progetti-Repo\Ingengeria-Dei-dati--Progetti\lucenex-main\src\test\resources
2022-10-15 12:40:33,180 [Worker-17: Building] INFO  o.e.m.c.i.embedder.EclipseLogger - Using 'UTF-8' encoding to copy filtered resources.
2022-10-15 12:40:33,180 [Worker-17: Building] INFO  o.e.m.c.i.embedder.EclipseLogger - skip non existing resourceDirectory C:\Users\Wissel\OneDrive\Desktop\università\MAGISTRALE\Ing.Dati\Progetti-Repo\Ingengeria-Dei-dati--Progetti\lucenex-main\src\main\resources
2022-10-15 12:40:33,182 [Worker-17: Building] INFO  o.e.m.c.i.embedder.EclipseLogger - Using 'UTF-8' encoding to copy filtered resources.
2022-10-15 12:40:33,182 [Worker-17: Building] INFO  o.e.m.c.i.embedder.EclipseLogger - skip non existing resourceDirectory C:\Users\Wissel\OneDrive\Desktop\università\MAGISTRALE\Ing.Dati\Progetti-Repo\Ingengeria-Dei-dati--Progetti\lucenex-main\src\test\resources
2022-10-15 12:40:43,371 [Worker-21: Building] INFO  o.e.m.c.i.embedder.EclipseLogger - Using 'UTF-8' encoding to copy filtered resources.
2022-10-15 12:40:43,371 [Worker-21: Building] INFO  o.e.m.c.i.embedder.EclipseLogger - skip non existing resourceDirectory C:\Users\Wissel\OneDrive\Desktop\università\MAGISTRALE\Ing.Dati\Progetti-Repo\Ingengeria-Dei-dati--Progetti\lucenex-main\src\main\resources
2022-10-15 12:40:43,373 [Worker-21: Building] INFO  o.e.m.c.i.embedder.EclipseLogger - Using 'UTF-8' encoding to copy filtered resources.
2022-10-15 12:40:43,374 [Worker-21: Building] INFO  o.e.m.c.i.embedder.EclipseLogger - skip non existing resourceDirectory C:\Users\Wissel\OneDrive\Desktop\università\MAGISTRALE\Ing.Dati\Progetti-Repo\Ingengeria-Dei-dati--Progetti\lucenex-main\src\test\resources
2022-10-15 12:41:03,613 [Worker-16: Building] INFO  o.e.m.c.i.embedder.EclipseLogger - Using 'UTF-8' encoding to copy filtered resources.
2022-10-15 12:41:03,613 [Worker-16: Building] INFO  o.e.m.c.i.embedder.EclipseLogger - skip non existing resourceDirectory C:\Users\Wissel\OneDrive\Desktop\università\MAGISTRALE\Ing.Dati\Progetti-Repo\Ingengeria-Dei-dati--Progetti\lucenex-main\src\main\resources
2022-10-15 12:41:03,616 [Worker-16: Building] INFO  o.e.m.c.i.embedder.EclipseLogger - Using 'UTF-8' encoding to copy filtered resources.
2022-10-15 12:41:03,617 [Worker-16: Building] INFO  o.e.m.c.i.embedder.EclipseLogger - skip non existing resourceDirectory C:\Users\Wissel\OneDrive\Desktop\università\MAGISTRALE\Ing.Dati\Progetti-Repo\Ingengeria-Dei-dati--Progetti\lucenex-main\src\test\resources
2022-10-15 12:41:05,506 [Worker-17: Building] INFO  o.e.m.c.i.embedder.EclipseLogger - Using 'UTF-8' encoding to copy filtered resources.
2022-10-15 12:41:05,507 [Worker-17: Building] INFO  o.e.m.c.i.embedder.EclipseLogger - skip non existing resourceDirectory C:\Users\Wissel\OneDrive\Desktop\università\MAGISTRALE\Ing.Dati\Progetti-Repo\Ingengeria-Dei-dati--Progetti\lucenex-main\src\main\resources
2022-10-15 12:41:05,509 [Worker-17: Building] INFO  o.e.m.c.i.embedder.EclipseLogger - Using 'UTF-8' encoding to copy filtered resources.
2022-10-15 12:41:05,510 [Worker-17: Building] INFO  o.e.m.c.i.embedder.EclipseLogger - skip non existing resourceDirectory C:\Users\Wissel\OneDrive\Desktop\università\MAGISTRALE\Ing.Dati\Progetti-Repo\Ingengeria-Dei-dati--Progetti\lucenex-main\src\test\resources
2022-10-15 12:41:07,821 [Worker-23: Building] INFO  o.e.m.c.i.embedder.EclipseLogger - Using 'UTF-8' encoding to copy filtered resources.
2022-10-15 12:41:07,822 [Worker-23: Building] INFO  o.e.m.c.i.embedder.EclipseLogger - skip non existing resourceDirectory C:\Users\Wissel\OneDrive\Desktop\università\MAGISTRALE\Ing.Dati\Progetti-Repo\Ingengeria-Dei-dati--Progetti\lucenex-main\src\main\resources
2022-10-15 12:41:07,825 [Worker-23: Building] INFO  o.e.m.c.i.embedder.EclipseLogger - Using 'UTF-8' encoding to copy filtered resources.
2022-10-15 12:41:07,825 [Worker-23: Building] INFO  o.e.m.c.i.embedder.EclipseLogger - skip non existing resourceDirectory C:\Users\Wissel\OneDrive\Desktop\università\MAGISTRALE\Ing.Dati\Progetti-Repo\Ingengeria-Dei-dati--Progetti\lucenex-main\src\test\resources
2022-10-15 12:41:17,498 [Worker-21: Building] INFO  o.e.m.c.i.embedder.EclipseLogger - Using 'UTF-8' encoding to copy filtered resources.
2022-10-15 12:41:17,498 [Worker-21: Building] INFO  o.e.m.c.i.embedder.EclipseLogger - skip non existing resourceDirectory C:\Users\Wissel\OneDrive\Desktop\università\MAGISTRALE\Ing.Dati\Progetti-Repo\Ingengeria-Dei-dati--Progetti\lucenex-main\src\main\resources
2022-10-15 12:41:17,502 [Worker-21: Building] INFO  o.e.m.c.i.embedder.EclipseLogger - Using 'UTF-8' encoding to copy filtered resources.
2022-10-15 12:41:17,502 [Worker-21: Building] INFO  o.e.m.c.i.embedder.EclipseLogger - skip non existing resourceDirectory C:\Users\Wissel\OneDrive\Desktop\università\MAGISTRALE\Ing.Dati\Progetti-Repo\Ingengeria-Dei-dati--Progetti\lucenex-main\src\test\resources
2022-10-15 12:41:21,933 [Worker-20: Building] INFO  o.e.m.c.i.embedder.EclipseLogger - Using 'UTF-8' encoding to copy filtered resources.
2022-10-15 12:41:21,934 [Worker-20: Building] INFO  o.e.m.c.i.embedder.EclipseLogger - skip non existing resourceDirectory C:\Users\Wissel\OneDrive\Desktop\università\MAGISTRALE\Ing.Dati\Progetti-Repo\Ingengeria-Dei-dati--Progetti\lucenex-main\src\main\resources
2022-10-15 12:41:21,936 [Worker-20: Building] INFO  o.e.m.c.i.embedder.EclipseLogger - Using 'UTF-8' encoding to copy filtered resources.
2022-10-15 12:41:21,936 [Worker-20: Building] INFO  o.e.m.c.i.embedder.EclipseLogger - skip non existing resourceDirectory C:\Users\Wissel\OneDrive\Desktop\università\MAGISTRALE\Ing.Dati\Progetti-Repo\Ingengeria-Dei-dati--Progetti\lucenex-main\src\test\resources
2022-10-15 12:41:29,731 [Worker-23: Building] INFO  o.e.m.c.i.embedder.EclipseLogger - Using 'UTF-8' encoding to copy filtered resources.
2022-10-15 12:41:29,732 [Worker-23: Building] INFO  o.e.m.c.i.embedder.EclipseLogger - skip non existing resourceDirectory C:\Users\Wissel\OneDrive\Desktop\università\MAGISTRALE\Ing.Dati\Progetti-Repo\Ingengeria-Dei-dati--Progetti\lucenex-main\src\main\resources
2022-10-15 12:41:29,735 [Worker-23: Building] INFO  o.e.m.c.i.embedder.EclipseLogger - Using 'UTF-8' encoding to copy filtered resources.
2022-10-15 12:41:29,736 [Worker-23: Building] INFO  o.e.m.c.i.embedder.EclipseLogger - skip non existing resourceDirectory C:\Users\Wissel\OneDrive\Desktop\università\MAGISTRALE\Ing.Dati\Progetti-Repo\Ingengeria-Dei-dati--Progetti\lucenex-main\src\test\resources
2022-10-15 12:43:11,802 [Worker-24: Building] INFO  o.e.m.c.i.embedder.EclipseLogger - Using 'UTF-8' encoding to copy filtered resources.
2022-10-15 12:43:11,803 [Worker-24: Building] INFO  o.e.m.c.i.embedder.EclipseLogger - skip non existing resourceDirectory C:\Users\Wissel\OneDrive\Desktop\università\MAGISTRALE\Ing.Dati\Progetti-Repo\Ingengeria-Dei-dati--Progetti\lucenex-main\src\main\resources
2022-10-15 12:43:11,807 [Worker-24: Building] INFO  o.e.m.c.i.embedder.EclipseLogger - Using 'UTF-8' encoding to copy filtered resources.
2022-10-15 12:43:11,807 [Worker-24: Building] INFO  o.e.m.c.i.embedder.EclipseLogger - skip non existing resourceDirectory C:\Users\Wissel\OneDrive\Desktop\università\MAGISTRALE\Ing.Dati\Progetti-Repo\Ingengeria-Dei-dati--Progetti\lucenex-main\src\test\resources
2022-10-15 12:43:27,060 [Worker-17: Building] INFO  o.e.m.c.i.embedder.EclipseLogger - Using 'UTF-8' encoding to copy filtered resources.
2022-10-15 12:43:27,061 [Worker-17: Building] INFO  o.e.m.c.i.embedder.EclipseLogger - skip non existing resourceDirectory C:\Users\Wissel\OneDrive\Desktop\università\MAGISTRALE\Ing.Dati\Progetti-Repo\Ingengeria-Dei-dati--Progetti\lucenex-main\src\main\resources
2022-10-15 12:43:27,066 [Worker-17: Building] INFO  o.e.m.c.i.embedder.EclipseLogger - Using 'UTF-8' encoding to copy filtered resources.
2022-10-15 12:43:27,066 [Worker-17: Building] INFO  o.e.m.c.i.embedder.EclipseLogger - skip non existing resourceDirectory C:\Users\Wissel\OneDrive\Desktop\università\MAGISTRALE\Ing.Dati\Progetti-Repo\Ingengeria-Dei-dati--Progetti\lucenex-main\src\test\resources
2022-10-15 12:43:55,569 [Worker-17: Building] INFO  o.e.m.c.i.embedder.EclipseLogger - Using 'UTF-8' encoding to copy filtered resources.
2022-10-15 12:43:55,569 [Worker-17: Building] INFO  o.e.m.c.i.embedder.EclipseLogger - skip non existing resourceDirectory C:\Users\Wissel\OneDrive\Desktop\università\MAGISTRALE\Ing.Dati\Progetti-Repo\Ingengeria-Dei-dati--Progetti\lucenex-main\src\main\resources
2022-10-15 12:43:55,574 [Worker-17: Building] INFO  o.e.m.c.i.embedder.EclipseLogger - Using 'UTF-8' encoding to copy filtered resources.
2022-10-15 12:43:55,574 [Worker-17: Building] INFO  o.e.m.c.i.embedder.EclipseLogger - skip non existing resourceDirectory C:\Users\Wissel\OneDrive\Desktop\università\MAGISTRALE\Ing.Dati\Progetti-Repo\Ingengeria-Dei-dati--Progetti\lucenex-main\src\test\resources
2022-10-15 12:43:57,817 [Worker-16: Building] INFO  o.e.m.c.i.embedder.EclipseLogger - Using 'UTF-8' encoding to copy filtered resources.
2022-10-15 12:43:57,818 [Worker-16: Building] INFO  o.e.m.c.i.embedder.EclipseLogger - skip non existing resourceDirectory C:\Users\Wissel\OneDrive\Desktop\università\MAGISTRALE\Ing.Dati\Progetti-Repo\Ingengeria-Dei-dati--Progetti\lucenex-main\src\main\resources
2022-10-15 12:43:57,823 [Worker-16: Building] INFO  o.e.m.c.i.embedder.EclipseLogger - Using 'UTF-8' encoding to copy filtered resources.
2022-10-15 12:43:57,824 [Worker-16: Building] INFO  o.e.m.c.i.embedder.EclipseLogger - skip non existing resourceDirectory C:\Users\Wissel\OneDrive\Desktop\università\MAGISTRALE\Ing.Dati\Progetti-Repo\Ingengeria-Dei-dati--Progetti\lucenex-main\src\test\resources
2022-10-15 12:44:31,324 [Worker-16: Building] INFO  o.e.m.c.i.embedder.EclipseLogger - Using 'UTF-8' encoding to copy filtered resources.
2022-10-15 12:44:31,324 [Worker-16: Building] INFO  o.e.m.c.i.embedder.EclipseLogger - skip non existing resourceDirectory C:\Users\Wissel\OneDrive\Desktop\università\MAGISTRALE\Ing.Dati\Progetti-Repo\Ingengeria-Dei-dati--Progetti\lucenex-main\src\main\resources
2022-10-15 12:44:31,328 [Worker-16: Building] INFO  o.e.m.c.i.embedder.EclipseLogger - Using 'UTF-8' encoding to copy filtered resources.
2022-10-15 12:44:31,328 [Worker-16: Building] INFO  o.e.m.c.i.embedder.EclipseLogger - skip non existing resourceDirectory C:\Users\Wissel\OneDrive\Desktop\università\MAGISTRALE\Ing.Dati\Progetti-Repo\Ingengeria-Dei-dati--Progetti\lucenex-main\src\test\resources
2022-10-15 12:44:47,806 [Worker-20: Building] INFO  o.e.m.c.i.embedder.EclipseLogger - Using 'UTF-8' encoding to copy filtered resources.
2022-10-15 12:44:47,807 [Worker-20: Building] INFO  o.e.m.c.i.embedder.EclipseLogger - skip non existing resourceDirectory C:\Users\Wissel\OneDrive\Desktop\università\MAGISTRALE\Ing.Dati\Progetti-Repo\Ingengeria-Dei-dati--Progetti\lucenex-main\src\main\resources
2022-10-15 12:44:47,814 [Worker-20: Building] INFO  o.e.m.c.i.embedder.EclipseLogger - Using 'UTF-8' encoding to copy filtered resources.
2022-10-15 12:44:47,815 [Worker-20: Building] INFO  o.e.m.c.i.embedder.EclipseLogger - skip non existing resourceDirectory C:\Users\Wissel\OneDrive\Desktop\università\MAGISTRALE\Ing.Dati\Progetti-Repo\Ingengeria-Dei-dati--Progetti\lucenex-main\src\test\resources
2022-10-15 12:45:00,624 [Worker-16: Building] INFO  o.e.m.c.i.embedder.EclipseLogger - Using 'UTF-8' encoding to copy filtered resources.
2022-10-15 12:45:00,625 [Worker-16: Building] INFO  o.e.m.c.i.embedder.EclipseLogger - skip non existing resourceDirectory C:\Users\Wissel\OneDrive\Desktop\università\MAGISTRALE\Ing.Dati\Progetti-Repo\Ingengeria-Dei-dati--Progetti\lucenex-main\src\main\resources
2022-10-15 12:45:00,632 [Worker-16: Building] INFO  o.e.m.c.i.embedder.EclipseLogger - Using 'UTF-8' encoding to copy filtered resources.
2022-10-15 12:45:00,633 [Worker-16: Building] INFO  o.e.m.c.i.embedder.EclipseLogger - skip non existing resourceDirectory C:\Users\Wissel\OneDrive\Desktop\università\MAGISTRALE\Ing.Dati\Progetti-Repo\Ingengeria-Dei-dati--Progetti\lucenex-main\src\test\resources
2022-10-15 12:45:02,890 [Worker-24: Building] INFO  o.e.m.c.i.embedder.EclipseLogger - Using 'UTF-8' encoding to copy filtered resources.
2022-10-15 12:45:02,890 [Worker-24: Building] INFO  o.e.m.c.i.embedder.EclipseLogger - skip non existing resourceDirectory C:\Users\Wissel\OneDrive\Desktop\università\MAGISTRALE\Ing.Dati\Progetti-Repo\Ingengeria-Dei-dati--Progetti\lucenex-main\src\main\resources
2022-10-15 12:45:02,897 [Worker-24: Building] INFO  o.e.m.c.i.embedder.EclipseLogger - Using 'UTF-8' encoding to copy filtered resources.
2022-10-15 12:45:02,898 [Worker-24: Building] INFO  o.e.m.c.i.embedder.EclipseLogger - skip non existing resourceDirectory C:\Users\Wissel\OneDrive\Desktop\università\MAGISTRALE\Ing.Dati\Progetti-Repo\Ingengeria-Dei-dati--Progetti\lucenex-main\src\test\resources
2022-10-15 12:45:22,130 [Worker-22: Building] INFO  o.e.m.c.i.embedder.EclipseLogger - Using 'UTF-8' encoding to copy filtered resources.
2022-10-15 12:45:22,131 [Worker-22: Building] INFO  o.e.m.c.i.embedder.EclipseLogger - skip non existing resourceDirectory C:\Users\Wissel\OneDrive\Desktop\università\MAGISTRALE\Ing.Dati\Progetti-Repo\Ingengeria-Dei-dati--Progetti\lucenex-main\src\main\resources
2022-10-15 12:45:22,133 [Worker-22: Building] INFO  o.e.m.c.i.embedder.EclipseLogger - Using 'UTF-8' encoding to copy filtered resources.
2022-10-15 12:45:22,133 [Worker-22: Building] INFO  o.e.m.c.i.embedder.EclipseLogger - skip non existing resourceDirectory C:\Users\Wissel\OneDrive\Desktop\università\MAGISTRALE\Ing.Dati\Progetti-Repo\Ingengeria-Dei-dati--Progetti\lucenex-main\src\test\resources
2022-10-15 12:46:02,371 [Worker-16: Building] INFO  o.e.m.c.i.embedder.EclipseLogger - Using 'UTF-8' encoding to copy filtered resources.
2022-10-15 12:46:02,372 [Worker-16: Building] INFO  o.e.m.c.i.embedder.EclipseLogger - skip non existing resourceDirectory C:\Users\Wissel\OneDrive\Desktop\università\MAGISTRALE\Ing.Dati\Progetti-Repo\Ingengeria-Dei-dati--Progetti\lucenex-main\src\main\resources
2022-10-15 12:46:02,377 [Worker-16: Building] INFO  o.e.m.c.i.embedder.EclipseLogger - Using 'UTF-8' encoding to copy filtered resources.
2022-10-15 12:46:02,378 [Worker-16: Building] INFO  o.e.m.c.i.embedder.EclipseLogger - skip non existing resourceDirectory C:\Users\Wissel\OneDrive\Desktop\università\MAGISTRALE\Ing.Dati\Progetti-Repo\Ingengeria-Dei-dati--Progetti\lucenex-main\src\test\resources
2022-10-15 12:47:11,344 [Worker-17: Building] INFO  o.e.m.c.i.embedder.EclipseLogger - Using 'UTF-8' encoding to copy filtered resources.
2022-10-15 12:47:11,346 [Worker-17: Building] INFO  o.e.m.c.i.embedder.EclipseLogger - skip non existing resourceDirectory C:\Users\Wissel\OneDrive\Desktop\università\MAGISTRALE\Ing.Dati\Progetti-Repo\Ingengeria-Dei-dati--Progetti\lucenex-main\src\main\resources
2022-10-15 12:47:11,355 [Worker-17: Building] INFO  o.e.m.c.i.embedder.EclipseLogger - Using 'UTF-8' encoding to copy filtered resources.
2022-10-15 12:47:11,356 [Worker-17: Building] INFO  o.e.m.c.i.embedder.EclipseLogger - skip non existing resourceDirectory C:\Users\Wissel\OneDrive\Desktop\università\MAGISTRALE\Ing.Dati\Progetti-Repo\Ingengeria-Dei-dati--Progetti\lucenex-main\src\test\resources
2022-10-15 12:48:53,264 [Worker-17: Building] INFO  o.e.m.c.i.embedder.EclipseLogger - Using 'UTF-8' encoding to copy filtered resources.
2022-10-15 12:48:53,264 [Worker-17: Building] INFO  o.e.m.c.i.embedder.EclipseLogger - skip non existing resourceDirectory C:\Users\Wissel\OneDrive\Desktop\università\MAGISTRALE\Ing.Dati\Progetti-Repo\Ingengeria-Dei-dati--Progetti\lucenex-main\src\main\resources
2022-10-15 12:48:53,268 [Worker-17: Building] INFO  o.e.m.c.i.embedder.EclipseLogger - Using 'UTF-8' encoding to copy filtered resources.
2022-10-15 12:48:53,269 [Worker-17: Building] INFO  o.e.m.c.i.embedder.EclipseLogger - skip non existing resourceDirectory C:\Users\Wissel\OneDrive\Desktop\università\MAGISTRALE\Ing.Dati\Progetti-Repo\Ingengeria-Dei-dati--Progetti\lucenex-main\src\test\resources
2022-10-15 12:48:56,647 [Worker-25: Building] INFO  o.e.m.c.i.embedder.EclipseLogger - Using 'UTF-8' encoding to copy filtered resources.
2022-10-15 12:48:56,647 [Worker-25: Building] INFO  o.e.m.c.i.embedder.EclipseLogger - skip non existing resourceDirectory C:\Users\Wissel\OneDrive\Desktop\università\MAGISTRALE\Ing.Dati\Progetti-Repo\Ingengeria-Dei-dati--Progetti\lucenex-main\src\main\resources
2022-10-15 12:48:56,652 [Worker-25: Building] INFO  o.e.m.c.i.embedder.EclipseLogger - Using 'UTF-8' encoding to copy filtered resources.
2022-10-15 12:48:56,653 [Worker-25: Building] INFO  o.e.m.c.i.embedder.EclipseLogger - skip non existing resourceDirectory C:\Users\Wissel\OneDrive\Desktop\università\MAGISTRALE\Ing.Dati\Progetti-Repo\Ingengeria-Dei-dati--Progetti\lucenex-main\src\test\resources
2022-10-15 12:49:08,775 [Worker-24: Building] INFO  o.e.m.c.i.embedder.EclipseLogger - Using 'UTF-8' encoding to copy filtered resources.
2022-10-15 12:49:08,776 [Worker-24: Building] INFO  o.e.m.c.i.embedder.EclipseLogger - skip non existing resourceDirectory C:\Users\Wissel\OneDrive\Desktop\università\MAGISTRALE\Ing.Dati\Progetti-Repo\Ingengeria-Dei-dati--Progetti\lucenex-main\src\main\resources
2022-10-15 12:49:08,781 [Worker-24: Building] INFO  o.e.m.c.i.embedder.EclipseLogger - Using 'UTF-8' encoding to copy filtered resources.
2022-10-15 12:49:08,783 [Worker-24: Building] INFO  o.e.m.c.i.embedder.EclipseLogger - skip non existing resourceDirectory C:\Users\Wissel\OneDrive\Desktop\università\MAGISTRALE\Ing.Dati\Progetti-Repo\Ingengeria-Dei-dati--Progetti\lucenex-main\src\test\resources
2022-10-15 12:49:34,663 [Worker-23: Building] INFO  o.e.m.c.i.embedder.EclipseLogger - Using 'UTF-8' encoding to copy filtered resources.
2022-10-15 12:49:34,663 [Worker-23: Building] INFO  o.e.m.c.i.embedder.EclipseLogger - skip non existing resourceDirectory C:\Users\Wissel\OneDrive\Desktop\università\MAGISTRALE\Ing.Dati\Progetti-Repo\Ingengeria-Dei-dati--Progetti\lucenex-main\src\main\resources
2022-10-15 12:49:34,667 [Worker-23: Building] INFO  o.e.m.c.i.embedder.EclipseLogger - Using 'UTF-8' encoding to copy filtered resources.
2022-10-15 12:49:34,670 [Worker-23: Building] INFO  o.e.m.c.i.embedder.EclipseLogger - skip non existing resourceDirectory C:\Users\Wissel\OneDrive\Desktop\università\MAGISTRALE\Ing.Dati\Progetti-Repo\Ingengeria-Dei-dati--Progetti\lucenex-main\src\test\resources
2022-10-15 12:50:19,379 [Worker-24: Building] INFO  o.e.m.c.i.embedder.EclipseLogger - Using 'UTF-8' encoding to copy filtered resources.
2022-10-15 12:50:19,379 [Worker-24: Building] INFO  o.e.m.c.i.embedder.EclipseLogger - skip non existing resourceDirectory C:\Users\Wissel\OneDrive\Desktop\università\MAGISTRALE\Ing.Dati\Progetti-Repo\Ingengeria-Dei-dati--Progetti\lucenex-main\src\main\resources
2022-10-15 12:50:19,383 [Worker-24: Building] INFO  o.e.m.c.i.embedder.EclipseLogger - Using 'UTF-8' encoding to copy filtered resources.
2022-10-15 12:50:19,384 [Worker-24: Building] INFO  o.e.m.c.i.embedder.EclipseLogger - skip non existing resourceDirectory C:\Users\Wissel\OneDrive\Desktop\università\MAGISTRALE\Ing.Dati\Progetti-Repo\Ingengeria-Dei-dati--Progetti\lucenex-main\src\test\resources
2022-10-15 12:50:47,874 [Worker-23: Building] INFO  o.e.m.c.i.embedder.EclipseLogger - Using 'UTF-8' encoding to copy filtered resources.
2022-10-15 12:50:47,875 [Worker-23: Building] INFO  o.e.m.c.i.embedder.EclipseLogger - skip non existing resourceDirectory C:\Users\Wissel\OneDrive\Desktop\università\MAGISTRALE\Ing.Dati\Progetti-Repo\Ingengeria-Dei-dati--Progetti\lucenex-main\src\main\resources
2022-10-15 12:50:47,879 [Worker-23: Building] INFO  o.e.m.c.i.embedder.EclipseLogger - Using 'UTF-8' encoding to copy filtered resources.
2022-10-15 12:50:47,881 [Worker-23: Building] INFO  o.e.m.c.i.embedder.EclipseLogger - skip non existing resourceDirectory C:\Users\Wissel\OneDrive\Desktop\università\MAGISTRALE\Ing.Dati\Progetti-Repo\Ingengeria-Dei-dati--Progetti\lucenex-main\src\test\resources
2022-10-15 12:51:20,549 [Worker-17: Building] INFO  o.e.m.c.i.embedder.EclipseLogger - Using 'UTF-8' encoding to copy filtered resources.
2022-10-15 12:51:20,550 [Worker-17: Building] INFO  o.e.m.c.i.embedder.EclipseLogger - skip non existing resourceDirectory C:\Users\Wissel\OneDrive\Desktop\università\MAGISTRALE\Ing.Dati\Progetti-Repo\Ingengeria-Dei-dati--Progetti\lucenex-main\src\main\resources
2022-10-15 12:51:20,552 [Worker-17: Building] INFO  o.e.m.c.i.embedder.EclipseLogger - Using 'UTF-8' encoding to copy filtered resources.
2022-10-15 12:51:20,552 [Worker-17: Building] INFO  o.e.m.c.i.embedder.EclipseLogger - skip non existing resourceDirectory C:\Users\Wissel\OneDrive\Desktop\università\MAGISTRALE\Ing.Dati\Progetti-Repo\Ingengeria-Dei-dati--Progetti\lucenex-main\src\test\resources
2022-10-15 12:51:53,721 [Worker-25: Building] INFO  o.e.m.c.i.embedder.EclipseLogger - Using 'UTF-8' encoding to copy filtered resources.
2022-10-15 12:51:53,721 [Worker-25: Building] INFO  o.e.m.c.i.embedder.EclipseLogger - skip non existing resourceDirectory C:\Users\Wissel\OneDrive\Desktop\università\MAGISTRALE\Ing.Dati\Progetti-Repo\Ingengeria-Dei-dati--Progetti\lucenex-main\src\main\resources
2022-10-15 12:51:53,723 [Worker-25: Building] INFO  o.e.m.c.i.embedder.EclipseLogger - Using 'UTF-8' encoding to copy filtered resources.
2022-10-15 12:51:53,724 [Worker-25: Building] INFO  o.e.m.c.i.embedder.EclipseLogger - skip non existing resourceDirectory C:\Users\Wissel\OneDrive\Desktop\università\MAGISTRALE\Ing.Dati\Progetti-Repo\Ingengeria-Dei-dati--Progetti\lucenex-main\src\test\resources
2022-10-15 12:52:21,726 [Worker-17: Building] INFO  o.e.m.c.i.embedder.EclipseLogger - Using 'UTF-8' encoding to copy filtered resources.
2022-10-15 12:52:21,726 [Worker-17: Building] INFO  o.e.m.c.i.embedder.EclipseLogger - skip non existing resourceDirectory C:\Users\Wissel\OneDrive\Desktop\università\MAGISTRALE\Ing.Dati\Progetti-Repo\Ingengeria-Dei-dati--Progetti\lucenex-main\src\main\resources
2022-10-15 12:52:21,731 [Worker-17: Building] INFO  o.e.m.c.i.embedder.EclipseLogger - Using 'UTF-8' encoding to copy filtered resources.
2022-10-15 12:52:21,731 [Worker-17: Building] INFO  o.e.m.c.i.embedder.EclipseLogger - skip non existing resourceDirectory C:\Users\Wissel\OneDrive\Desktop\università\MAGISTRALE\Ing.Dati\Progetti-Repo\Ingengeria-Dei-dati--Progetti\lucenex-main\src\test\resources
2022-10-15 12:52:31,982 [Worker-17: Building] INFO  o.e.m.c.i.embedder.EclipseLogger - Using 'UTF-8' encoding to copy filtered resources.
2022-10-15 12:52:31,982 [Worker-17: Building] INFO  o.e.m.c.i.embedder.EclipseLogger - skip non existing resourceDirectory C:\Users\Wissel\OneDrive\Desktop\università\MAGISTRALE\Ing.Dati\Progetti-Repo\Ingengeria-Dei-dati--Progetti\lucenex-main\src\main\resources
2022-10-15 12:52:31,984 [Worker-17: Building] INFO  o.e.m.c.i.embedder.EclipseLogger - Using 'UTF-8' encoding to copy filtered resources.
2022-10-15 12:52:31,985 [Worker-17: Building] INFO  o.e.m.c.i.embedder.EclipseLogger - skip non existing resourceDirectory C:\Users\Wissel\OneDrive\Desktop\università\MAGISTRALE\Ing.Dati\Progetti-Repo\Ingengeria-Dei-dati--Progetti\lucenex-main\src\test\resources
2022-10-15 12:52:50,430 [Worker-17: Building] INFO  o.e.m.c.i.embedder.EclipseLogger - Using 'UTF-8' encoding to copy filtered resources.
2022-10-15 12:52:50,430 [Worker-17: Building] INFO  o.e.m.c.i.embedder.EclipseLogger - skip non existing resourceDirectory C:\Users\Wissel\OneDrive\Desktop\università\MAGISTRALE\Ing.Dati\Progetti-Repo\Ingengeria-Dei-dati--Progetti\lucenex-main\src\main\resources
2022-10-15 12:52:50,433 [Worker-17: Building] INFO  o.e.m.c.i.embedder.EclipseLogger - Using 'UTF-8' encoding to copy filtered resources.
2022-10-15 12:52:50,434 [Worker-17: Building] INFO  o.e.m.c.i.embedder.EclipseLogger - skip non existing resourceDirectory C:\Users\Wissel\OneDrive\Desktop\università\MAGISTRALE\Ing.Dati\Progetti-Repo\Ingengeria-Dei-dati--Progetti\lucenex-main\src\test\resources
2022-10-15 12:53:28,667 [Worker-25: Building] INFO  o.e.m.c.i.embedder.EclipseLogger - Using 'UTF-8' encoding to copy filtered resources.
2022-10-15 12:53:28,668 [Worker-25: Building] INFO  o.e.m.c.i.embedder.EclipseLogger - skip non existing resourceDirectory C:\Users\Wissel\OneDrive\Desktop\università\MAGISTRALE\Ing.Dati\Progetti-Repo\Ingengeria-Dei-dati--Progetti\lucenex-main\src\main\resources
2022-10-15 12:53:28,672 [Worker-25: Building] INFO  o.e.m.c.i.embedder.EclipseLogger - Using 'UTF-8' encoding to copy filtered resources.
2022-10-15 12:53:28,673 [Worker-25: Building] INFO  o.e.m.c.i.embedder.EclipseLogger - skip non existing resourceDirectory C:\Users\Wissel\OneDrive\Desktop\università\MAGISTRALE\Ing.Dati\Progetti-Repo\Ingengeria-Dei-dati--Progetti\lucenex-main\src\test\resources
2022-10-15 12:53:49,649 [Worker-26: Building] INFO  o.e.m.c.i.embedder.EclipseLogger - Using 'UTF-8' encoding to copy filtered resources.
2022-10-15 12:53:49,650 [Worker-26: Building] INFO  o.e.m.c.i.embedder.EclipseLogger - skip non existing resourceDirectory C:\Users\Wissel\OneDrive\Desktop\università\MAGISTRALE\Ing.Dati\Progetti-Repo\Ingengeria-Dei-dati--Progetti\lucenex-main\src\main\resources
2022-10-15 12:53:49,653 [Worker-26: Building] INFO  o.e.m.c.i.embedder.EclipseLogger - Using 'UTF-8' encoding to copy filtered resources.
2022-10-15 12:53:49,654 [Worker-26: Building] INFO  o.e.m.c.i.embedder.EclipseLogger - skip non existing resourceDirectory C:\Users\Wissel\OneDrive\Desktop\università\MAGISTRALE\Ing.Dati\Progetti-Repo\Ingengeria-Dei-dati--Progetti\lucenex-main\src\test\resources
2022-10-15 12:54:00,012 [Worker-27: Building] INFO  o.e.m.c.i.embedder.EclipseLogger - Using 'UTF-8' encoding to copy filtered resources.
2022-10-15 12:54:00,013 [Worker-27: Building] INFO  o.e.m.c.i.embedder.EclipseLogger - skip non existing resourceDirectory C:\Users\Wissel\OneDrive\Desktop\università\MAGISTRALE\Ing.Dati\Progetti-Repo\Ingengeria-Dei-dati--Progetti\lucenex-main\src\main\resources
2022-10-15 12:54:00,018 [Worker-27: Building] INFO  o.e.m.c.i.embedder.EclipseLogger - Using 'UTF-8' encoding to copy filtered resources.
2022-10-15 12:54:00,018 [Worker-27: Building] INFO  o.e.m.c.i.embedder.EclipseLogger - skip non existing resourceDirectory C:\Users\Wissel\OneDrive\Desktop\università\MAGISTRALE\Ing.Dati\Progetti-Repo\Ingengeria-Dei-dati--Progetti\lucenex-main\src\test\resources
2022-10-15 12:55:17,715 [Worker-27: Building] INFO  o.e.m.c.i.embedder.EclipseLogger - Using 'UTF-8' encoding to copy filtered resources.
2022-10-15 12:55:17,716 [Worker-27: Building] INFO  o.e.m.c.i.embedder.EclipseLogger - skip non existing resourceDirectory C:\Users\Wissel\OneDrive\Desktop\università\MAGISTRALE\Ing.Dati\Progetti-Repo\Ingengeria-Dei-dati--Progetti\lucenex-main\src\main\resources
2022-10-15 12:55:17,720 [Worker-27: Building] INFO  o.e.m.c.i.embedder.EclipseLogger - Using 'UTF-8' encoding to copy filtered resources.
2022-10-15 12:55:17,720 [Worker-27: Building] INFO  o.e.m.c.i.embedder.EclipseLogger - skip non existing resourceDirectory C:\Users\Wissel\OneDrive\Desktop\università\MAGISTRALE\Ing.Dati\Progetti-Repo\Ingengeria-Dei-dati--Progetti\lucenex-main\src\test\resources
2022-10-15 12:55:37,340 [Worker-26: Building] INFO  o.e.m.c.i.embedder.EclipseLogger - Using 'UTF-8' encoding to copy filtered resources.
2022-10-15 12:55:37,341 [Worker-26: Building] INFO  o.e.m.c.i.embedder.EclipseLogger - skip non existing resourceDirectory C:\Users\Wissel\OneDrive\Desktop\università\MAGISTRALE\Ing.Dati\Progetti-Repo\Ingengeria-Dei-dati--Progetti\lucenex-main\src\main\resources
2022-10-15 12:55:37,345 [Worker-26: Building] INFO  o.e.m.c.i.embedder.EclipseLogger - Using 'UTF-8' encoding to copy filtered resources.
2022-10-15 12:55:37,346 [Worker-26: Building] INFO  o.e.m.c.i.embedder.EclipseLogger - skip non existing resourceDirectory C:\Users\Wissel\OneDrive\Desktop\università\MAGISTRALE\Ing.Dati\Progetti-Repo\Ingengeria-Dei-dati--Progetti\lucenex-main\src\test\resources
2022-10-15 12:55:41,203 [Worker-17: Building] INFO  o.e.m.c.i.embedder.EclipseLogger - Using 'UTF-8' encoding to copy filtered resources.
2022-10-15 12:55:41,204 [Worker-17: Building] INFO  o.e.m.c.i.embedder.EclipseLogger - skip non existing resourceDirectory C:\Users\Wissel\OneDrive\Desktop\università\MAGISTRALE\Ing.Dati\Progetti-Repo\Ingengeria-Dei-dati--Progetti\lucenex-main\src\main\resources
2022-10-15 12:55:41,208 [Worker-17: Building] INFO  o.e.m.c.i.embedder.EclipseLogger - Using 'UTF-8' encoding to copy filtered resources.
2022-10-15 12:55:41,209 [Worker-17: Building] INFO  o.e.m.c.i.embedder.EclipseLogger - skip non existing resourceDirectory C:\Users\Wissel\OneDrive\Desktop\università\MAGISTRALE\Ing.Dati\Progetti-Repo\Ingengeria-Dei-dati--Progetti\lucenex-main\src\test\resources
2022-10-15 12:55:50,861 [Worker-23: Building] INFO  o.e.m.c.i.embedder.EclipseLogger - Using 'UTF-8' encoding to copy filtered resources.
2022-10-15 12:55:50,862 [Worker-23: Building] INFO  o.e.m.c.i.embedder.EclipseLogger - skip non existing resourceDirectory C:\Users\Wissel\OneDrive\Desktop\università\MAGISTRALE\Ing.Dati\Progetti-Repo\Ingengeria-Dei-dati--Progetti\lucenex-main\src\main\resources
2022-10-15 12:55:50,863 [Worker-23: Building] INFO  o.e.m.c.i.embedder.EclipseLogger - Using 'UTF-8' encoding to copy filtered resources.
2022-10-15 12:55:50,863 [Worker-23: Building] INFO  o.e.m.c.i.embedder.EclipseLogger - skip non existing resourceDirectory C:\Users\Wissel\OneDrive\Desktop\università\MAGISTRALE\Ing.Dati\Progetti-Repo\Ingengeria-Dei-dati--Progetti\lucenex-main\src\test\resources
2022-10-15 12:55:58,278 [Worker-23: Building] INFO  o.e.m.c.i.embedder.EclipseLogger - Using 'UTF-8' encoding to copy filtered resources.
2022-10-15 12:55:58,279 [Worker-23: Building] INFO  o.e.m.c.i.embedder.EclipseLogger - skip non existing resourceDirectory C:\Users\Wissel\OneDrive\Desktop\università\MAGISTRALE\Ing.Dati\Progetti-Repo\Ingengeria-Dei-dati--Progetti\lucenex-main\src\main\resources
2022-10-15 12:55:58,285 [Worker-23: Building] INFO  o.e.m.c.i.embedder.EclipseLogger - Using 'UTF-8' encoding to copy filtered resources.
2022-10-15 12:55:58,286 [Worker-23: Building] INFO  o.e.m.c.i.embedder.EclipseLogger - skip non existing resourceDirectory C:\Users\Wissel\OneDrive\Desktop\università\MAGISTRALE\Ing.Dati\Progetti-Repo\Ingengeria-Dei-dati--Progetti\lucenex-main\src\test\resources
2022-10-15 12:56:31,060 [Worker-25: Building] INFO  o.e.m.c.i.embedder.EclipseLogger - Using 'UTF-8' encoding to copy filtered resources.
2022-10-15 12:56:31,061 [Worker-25: Building] INFO  o.e.m.c.i.embedder.EclipseLogger - skip non existing resourceDirectory C:\Users\Wissel\OneDrive\Desktop\università\MAGISTRALE\Ing.Dati\Progetti-Repo\Ingengeria-Dei-dati--Progetti\lucenex-main\src\main\resources
2022-10-15 12:56:31,064 [Worker-25: Building] INFO  o.e.m.c.i.embedder.EclipseLogger - Using 'UTF-8' encoding to copy filtered resources.
2022-10-15 12:56:31,064 [Worker-25: Building] INFO  o.e.m.c.i.embedder.EclipseLogger - skip non existing resourceDirectory C:\Users\Wissel\OneDrive\Desktop\università\MAGISTRALE\Ing.Dati\Progetti-Repo\Ingengeria-Dei-dati--Progetti\lucenex-main\src\test\resources
2022-10-15 12:56:33,538 [Worker-23: Building] INFO  o.e.m.c.i.embedder.EclipseLogger - Using 'UTF-8' encoding to copy filtered resources.
2022-10-15 12:56:33,538 [Worker-23: Building] INFO  o.e.m.c.i.embedder.EclipseLogger - skip non existing resourceDirectory C:\Users\Wissel\OneDrive\Desktop\università\MAGISTRALE\Ing.Dati\Progetti-Repo\Ingengeria-Dei-dati--Progetti\lucenex-main\src\main\resources
2022-10-15 12:56:33,540 [Worker-23: Building] INFO  o.e.m.c.i.embedder.EclipseLogger - Using 'UTF-8' encoding to copy filtered resources.
2022-10-15 12:56:33,542 [Worker-23: Building] INFO  o.e.m.c.i.embedder.EclipseLogger - skip non existing resourceDirectory C:\Users\Wissel\OneDrive\Desktop\università\MAGISTRALE\Ing.Dati\Progetti-Repo\Ingengeria-Dei-dati--Progetti\lucenex-main\src\test\resources
2022-10-15 12:56:58,988 [Worker-24: Building] INFO  o.e.m.c.i.embedder.EclipseLogger - Using 'UTF-8' encoding to copy filtered resources.
2022-10-15 12:56:58,989 [Worker-24: Building] INFO  o.e.m.c.i.embedder.EclipseLogger - skip non existing resourceDirectory C:\Users\Wissel\OneDrive\Desktop\università\MAGISTRALE\Ing.Dati\Progetti-Repo\Ingengeria-Dei-dati--Progetti\lucenex-main\src\main\resources
2022-10-15 12:56:58,993 [Worker-24: Building] INFO  o.e.m.c.i.embedder.EclipseLogger - Using 'UTF-8' encoding to copy filtered resources.
2022-10-15 12:56:58,994 [Worker-24: Building] INFO  o.e.m.c.i.embedder.EclipseLogger - skip non existing resourceDirectory C:\Users\Wissel\OneDrive\Desktop\università\MAGISTRALE\Ing.Dati\Progetti-Repo\Ingengeria-Dei-dati--Progetti\lucenex-main\src\test\resources
2022-10-15 12:57:26,647 [Worker-23: Building] INFO  o.e.m.c.i.embedder.EclipseLogger - Using 'UTF-8' encoding to copy filtered resources.
2022-10-15 12:57:26,647 [Worker-23: Building] INFO  o.e.m.c.i.embedder.EclipseLogger - skip non existing resourceDirectory C:\Users\Wissel\OneDrive\Desktop\università\MAGISTRALE\Ing.Dati\Progetti-Repo\Ingengeria-Dei-dati--Progetti\lucenex-main\src\main\resources
2022-10-15 12:57:26,649 [Worker-23: Building] INFO  o.e.m.c.i.embedder.EclipseLogger - Using 'UTF-8' encoding to copy filtered resources.
2022-10-15 12:57:26,649 [Worker-23: Building] INFO  o.e.m.c.i.embedder.EclipseLogger - skip non existing resourceDirectory C:\Users\Wissel\OneDrive\Desktop\università\MAGISTRALE\Ing.Dati\Progetti-Repo\Ingengeria-Dei-dati--Progetti\lucenex-main\src\test\resources
2022-10-15 12:57:45,713 [Worker-27: Building] INFO  o.e.m.c.i.embedder.EclipseLogger - Using 'UTF-8' encoding to copy filtered resources.
2022-10-15 12:57:45,713 [Worker-27: Building] INFO  o.e.m.c.i.embedder.EclipseLogger - skip non existing resourceDirectory C:\Users\Wissel\OneDrive\Desktop\università\MAGISTRALE\Ing.Dati\Progetti-Repo\Ingengeria-Dei-dati--Progetti\lucenex-main\src\main\resources
2022-10-15 12:57:45,716 [Worker-27: Building] INFO  o.e.m.c.i.embedder.EclipseLogger - Using 'UTF-8' encoding to copy filtered resources.
2022-10-15 12:57:45,717 [Worker-27: Building] INFO  o.e.m.c.i.embedder.EclipseLogger - skip non existing resourceDirectory C:\Users\Wissel\OneDrive\Desktop\università\MAGISTRALE\Ing.Dati\Progetti-Repo\Ingengeria-Dei-dati--Progetti\lucenex-main\src\test\resources
2022-10-15 12:57:48,136 [Worker-26: Building] INFO  o.e.m.c.i.embedder.EclipseLogger - Using 'UTF-8' encoding to copy filtered resources.
2022-10-15 12:57:48,136 [Worker-26: Building] INFO  o.e.m.c.i.embedder.EclipseLogger - skip non existing resourceDirectory C:\Users\Wissel\OneDrive\Desktop\università\MAGISTRALE\Ing.Dati\Progetti-Repo\Ingengeria-Dei-dati--Progetti\lucenex-main\src\main\resources
2022-10-15 12:57:48,140 [Worker-26: Building] INFO  o.e.m.c.i.embedder.EclipseLogger - Using 'UTF-8' encoding to copy filtered resources.
2022-10-15 12:57:48,141 [Worker-26: Building] INFO  o.e.m.c.i.embedder.EclipseLogger - skip non existing resourceDirectory C:\Users\Wissel\OneDrive\Desktop\università\MAGISTRALE\Ing.Dati\Progetti-Repo\Ingengeria-Dei-dati--Progetti\lucenex-main\src\test\resources
2022-10-15 12:58:01,479 [Worker-17: Building] INFO  o.e.m.c.i.embedder.EclipseLogger - Using 'UTF-8' encoding to copy filtered resources.
2022-10-15 12:58:01,479 [Worker-17: Building] INFO  o.e.m.c.i.embedder.EclipseLogger - skip non existing resourceDirectory C:\Users\Wissel\OneDrive\Desktop\università\MAGISTRALE\Ing.Dati\Progetti-Repo\Ingengeria-Dei-dati--Progetti\lucenex-main\src\main\resources
2022-10-15 12:58:01,482 [Worker-17: Building] INFO  o.e.m.c.i.embedder.EclipseLogger - Using 'UTF-8' encoding to copy filtered resources.
2022-10-15 12:58:01,483 [Worker-17: Building] INFO  o.e.m.c.i.embedder.EclipseLogger - skip non existing resourceDirectory C:\Users\Wissel\OneDrive\Desktop\università\MAGISTRALE\Ing.Dati\Progetti-Repo\Ingengeria-Dei-dati--Progetti\lucenex-main\src\test\resources
2022-10-15 12:58:11,086 [Worker-24: Building] INFO  o.e.m.c.i.embedder.EclipseLogger - Using 'UTF-8' encoding to copy filtered resources.
2022-10-15 12:58:11,087 [Worker-24: Building] INFO  o.e.m.c.i.embedder.EclipseLogger - skip non existing resourceDirectory C:\Users\Wissel\OneDrive\Desktop\università\MAGISTRALE\Ing.Dati\Progetti-Repo\Ingengeria-Dei-dati--Progetti\lucenex-main\src\main\resources
2022-10-15 12:58:11,089 [Worker-24: Building] INFO  o.e.m.c.i.embedder.EclipseLogger - Using 'UTF-8' encoding to copy filtered resources.
2022-10-15 12:58:11,090 [Worker-24: Building] INFO  o.e.m.c.i.embedder.EclipseLogger - skip non existing resourceDirectory C:\Users\Wissel\OneDrive\Desktop\università\MAGISTRALE\Ing.Dati\Progetti-Repo\Ingengeria-Dei-dati--Progetti\lucenex-main\src\test\resources
2022-10-15 12:58:29,384 [Worker-17: Building] INFO  o.e.m.c.i.embedder.EclipseLogger - Using 'UTF-8' encoding to copy filtered resources.
2022-10-15 12:58:29,385 [Worker-17: Building] INFO  o.e.m.c.i.embedder.EclipseLogger - skip non existing resourceDirectory C:\Users\Wissel\OneDrive\Desktop\università\MAGISTRALE\Ing.Dati\Progetti-Repo\Ingengeria-Dei-dati--Progetti\lucenex-main\src\main\resources
2022-10-15 12:58:29,389 [Worker-17: Building] INFO  o.e.m.c.i.embedder.EclipseLogger - Using 'UTF-8' encoding to copy filtered resources.
2022-10-15 12:58:29,390 [Worker-17: Building] INFO  o.e.m.c.i.embedder.EclipseLogger - skip non existing resourceDirectory C:\Users\Wissel\OneDrive\Desktop\università\MAGISTRALE\Ing.Dati\Progetti-Repo\Ingengeria-Dei-dati--Progetti\lucenex-main\src\test\resources
2022-10-15 12:59:25,563 [Worker-27: Building] INFO  o.e.m.c.i.embedder.EclipseLogger - Using 'UTF-8' encoding to copy filtered resources.
2022-10-15 12:59:25,564 [Worker-27: Building] INFO  o.e.m.c.i.embedder.EclipseLogger - skip non existing resourceDirectory C:\Users\Wissel\OneDrive\Desktop\università\MAGISTRALE\Ing.Dati\Progetti-Repo\Ingengeria-Dei-dati--Progetti\lucenex-main\src\main\resources
2022-10-15 12:59:25,567 [Worker-27: Building] INFO  o.e.m.c.i.embedder.EclipseLogger - Using 'UTF-8' encoding to copy filtered resources.
2022-10-15 12:59:25,568 [Worker-27: Building] INFO  o.e.m.c.i.embedder.EclipseLogger - skip non existing resourceDirectory C:\Users\Wissel\OneDrive\Desktop\università\MAGISTRALE\Ing.Dati\Progetti-Repo\Ingengeria-Dei-dati--Progetti\lucenex-main\src\test\resources
2022-10-15 12:59:38,397 [Worker-23: Building] INFO  o.e.m.c.i.embedder.EclipseLogger - Using 'UTF-8' encoding to copy filtered resources.
2022-10-15 12:59:38,397 [Worker-23: Building] INFO  o.e.m.c.i.embedder.EclipseLogger - skip non existing resourceDirectory C:\Users\Wissel\OneDrive\Desktop\università\MAGISTRALE\Ing.Dati\Progetti-Repo\Ingengeria-Dei-dati--Progetti\lucenex-main\src\main\resources
2022-10-15 12:59:38,400 [Worker-23: Building] INFO  o.e.m.c.i.embedder.EclipseLogger - Using 'UTF-8' encoding to copy filtered resources.
2022-10-15 12:59:38,400 [Worker-23: Building] INFO  o.e.m.c.i.embedder.EclipseLogger - skip non existing resourceDirectory C:\Users\Wissel\OneDrive\Desktop\università\MAGISTRALE\Ing.Dati\Progetti-Repo\Ingengeria-Dei-dati--Progetti\lucenex-main\src\test\resources
2022-10-15 13:00:05,385 [Worker-23: Building] INFO  o.e.m.c.i.embedder.EclipseLogger - Using 'UTF-8' encoding to copy filtered resources.
2022-10-15 13:00:05,386 [Worker-23: Building] INFO  o.e.m.c.i.embedder.EclipseLogger - skip non existing resourceDirectory C:\Users\Wissel\OneDrive\Desktop\università\MAGISTRALE\Ing.Dati\Progetti-Repo\Ingengeria-Dei-dati--Progetti\lucenex-main\src\main\resources
2022-10-15 13:00:05,389 [Worker-23: Building] INFO  o.e.m.c.i.embedder.EclipseLogger - Using 'UTF-8' encoding to copy filtered resources.
2022-10-15 13:00:05,389 [Worker-23: Building] INFO  o.e.m.c.i.embedder.EclipseLogger - skip non existing resourceDirectory C:\Users\Wissel\OneDrive\Desktop\università\MAGISTRALE\Ing.Dati\Progetti-Repo\Ingengeria-Dei-dati--Progetti\lucenex-main\src\test\resources
2022-10-15 13:00:11,964 [Worker-25: Building] INFO  o.e.m.c.i.embedder.EclipseLogger - Using 'UTF-8' encoding to copy filtered resources.
2022-10-15 13:00:11,965 [Worker-25: Building] INFO  o.e.m.c.i.embedder.EclipseLogger - skip non existing resourceDirectory C:\Users\Wissel\OneDrive\Desktop\università\MAGISTRALE\Ing.Dati\Progetti-Repo\Ingengeria-Dei-dati--Progetti\lucenex-main\src\main\resources
2022-10-15 13:00:11,967 [Worker-25: Building] INFO  o.e.m.c.i.embedder.EclipseLogger - Using 'UTF-8' encoding to copy filtered resources.
2022-10-15 13:00:11,967 [Worker-25: Building] INFO  o.e.m.c.i.embedder.EclipseLogger - skip non existing resourceDirectory C:\Users\Wissel\OneDrive\Desktop\università\MAGISTRALE\Ing.Dati\Progetti-Repo\Ingengeria-Dei-dati--Progetti\lucenex-main\src\test\resources
2022-10-15 13:00:24,218 [Worker-23: Building] INFO  o.e.m.c.i.embedder.EclipseLogger - Using 'UTF-8' encoding to copy filtered resources.
2022-10-15 13:00:24,219 [Worker-23: Building] INFO  o.e.m.c.i.embedder.EclipseLogger - skip non existing resourceDirectory C:\Users\Wissel\OneDrive\Desktop\università\MAGISTRALE\Ing.Dati\Progetti-Repo\Ingengeria-Dei-dati--Progetti\lucenex-main\src\main\resources
2022-10-15 13:00:24,222 [Worker-23: Building] INFO  o.e.m.c.i.embedder.EclipseLogger - Using 'UTF-8' encoding to copy filtered resources.
2022-10-15 13:00:24,222 [Worker-23: Building] INFO  o.e.m.c.i.embedder.EclipseLogger - skip non existing resourceDirectory C:\Users\Wissel\OneDrive\Desktop\università\MAGISTRALE\Ing.Dati\Progetti-Repo\Ingengeria-Dei-dati--Progetti\lucenex-main\src\test\resources
2022-10-15 13:00:57,636 [Worker-24: Building] INFO  o.e.m.c.i.embedder.EclipseLogger - Using 'UTF-8' encoding to copy filtered resources.
2022-10-15 13:00:57,636 [Worker-24: Building] INFO  o.e.m.c.i.embedder.EclipseLogger - skip non existing resourceDirectory C:\Users\Wissel\OneDrive\Desktop\università\MAGISTRALE\Ing.Dati\Progetti-Repo\Ingengeria-Dei-dati--Progetti\lucenex-main\src\main\resources
2022-10-15 13:00:57,639 [Worker-24: Building] INFO  o.e.m.c.i.embedder.EclipseLogger - Using 'UTF-8' encoding to copy filtered resources.
2022-10-15 13:00:57,639 [Worker-24: Building] INFO  o.e.m.c.i.embedder.EclipseLogger - skip non existing resourceDirectory C:\Users\Wissel\OneDrive\Desktop\università\MAGISTRALE\Ing.Dati\Progetti-Repo\Ingengeria-Dei-dati--Progetti\lucenex-main\src\test\resources
2022-10-15 13:01:00,618 [Worker-17: Building] INFO  o.e.m.c.i.embedder.EclipseLogger - Using 'UTF-8' encoding to copy filtered resources.
2022-10-15 13:01:00,619 [Worker-17: Building] INFO  o.e.m.c.i.embedder.EclipseLogger - skip non existing resourceDirectory C:\Users\Wissel\OneDrive\Desktop\università\MAGISTRALE\Ing.Dati\Progetti-Repo\Ingengeria-Dei-dati--Progetti\lucenex-main\src\main\resources
2022-10-15 13:01:00,622 [Worker-17: Building] INFO  o.e.m.c.i.embedder.EclipseLogger - Using 'UTF-8' encoding to copy filtered resources.
2022-10-15 13:01:00,623 [Worker-17: Building] INFO  o.e.m.c.i.embedder.EclipseLogger - skip non existing resourceDirectory C:\Users\Wissel\OneDrive\Desktop\università\MAGISTRALE\Ing.Dati\Progetti-Repo\Ingengeria-Dei-dati--Progetti\lucenex-main\src\test\resources
2022-10-15 13:01:07,338 [Worker-24: Building] INFO  o.e.m.c.i.embedder.EclipseLogger - Using 'UTF-8' encoding to copy filtered resources.
2022-10-15 13:01:07,338 [Worker-24: Building] INFO  o.e.m.c.i.embedder.EclipseLogger - skip non existing resourceDirectory C:\Users\Wissel\OneDrive\Desktop\università\MAGISTRALE\Ing.Dati\Progetti-Repo\Ingengeria-Dei-dati--Progetti\lucenex-main\src\main\resources
2022-10-15 13:01:07,341 [Worker-24: Building] INFO  o.e.m.c.i.embedder.EclipseLogger - Using 'UTF-8' encoding to copy filtered resources.
2022-10-15 13:01:07,342 [Worker-24: Building] INFO  o.e.m.c.i.embedder.EclipseLogger - skip non existing resourceDirectory C:\Users\Wissel\OneDrive\Desktop\università\MAGISTRALE\Ing.Dati\Progetti-Repo\Ingengeria-Dei-dati--Progetti\lucenex-main\src\test\resources
2022-10-15 13:01:20,414 [Worker-23: Building] INFO  o.e.m.c.i.embedder.EclipseLogger - Using 'UTF-8' encoding to copy filtered resources.
2022-10-15 13:01:20,415 [Worker-23: Building] INFO  o.e.m.c.i.embedder.EclipseLogger - skip non existing resourceDirectory C:\Users\Wissel\OneDrive\Desktop\università\MAGISTRALE\Ing.Dati\Progetti-Repo\Ingengeria-Dei-dati--Progetti\lucenex-main\src\main\resources
2022-10-15 13:01:20,418 [Worker-23: Building] INFO  o.e.m.c.i.embedder.EclipseLogger - Using 'UTF-8' encoding to copy filtered resources.
2022-10-15 13:01:20,418 [Worker-23: Building] INFO  o.e.m.c.i.embedder.EclipseLogger - skip non existing resourceDirectory C:\Users\Wissel\OneDrive\Desktop\università\MAGISTRALE\Ing.Dati\Progetti-Repo\Ingengeria-Dei-dati--Progetti\lucenex-main\src\test\resources
2022-10-15 13:02:22,560 [Worker-27: Building] INFO  o.e.m.c.i.embedder.EclipseLogger - Using 'UTF-8' encoding to copy filtered resources.
2022-10-15 13:02:22,560 [Worker-27: Building] INFO  o.e.m.c.i.embedder.EclipseLogger - skip non existing resourceDirectory C:\Users\Wissel\OneDrive\Desktop\università\MAGISTRALE\Ing.Dati\Progetti-Repo\Ingengeria-Dei-dati--Progetti\lucenex-main\src\main\resources
2022-10-15 13:02:22,563 [Worker-27: Building] INFO  o.e.m.c.i.embedder.EclipseLogger - Using 'UTF-8' encoding to copy filtered resources.
2022-10-15 13:02:22,564 [Worker-27: Building] INFO  o.e.m.c.i.embedder.EclipseLogger - skip non existing resourceDirectory C:\Users\Wissel\OneDrive\Desktop\università\MAGISTRALE\Ing.Dati\Progetti-Repo\Ingengeria-Dei-dati--Progetti\lucenex-main\src\test\resources
